<?xml version="1.0" encoding="UTF-8"?>
<!-- Generated by org.testng.reporters.JUnitXMLReporter -->
<testsuite ignored="0" hostname="DESKTOP-E80DE1T" failures="0" tests="1" name="Default test" time="1.599" errors="0" timestamp="2021-11-10T13:03:35 IST">
  <testcase classname="com.trello.android.baseutil.BaseTest" name="@BeforeSuite createFiles" time="-1.636529613602E9">
    <failure type="org.testng.TestNGException" message="
Parameter &amp;apos;applicationType&amp;apos; is required by BeforeSuite on method createFiles but has not been marked @Optional or defined
in C:\Users\Dell\AppData\Local\Temp\testng-eclipse-184397563\testng-customsuite.xml">
      <![CDATA[org.testng.TestNGException: 
Parameter 'applicationType' is required by BeforeSuite on method createFiles but has not been marked @Optional or defined
in C:\Users\Dell\AppData\Local\Temp\testng-eclipse-184397563\testng-customsuite.xml
at org.testng.internal.Parameters.createParams(Parameters.java:270)
at org.testng.internal.Parameters.createParametersForMethod(Parameters.java:358)
at org.testng.internal.Parameters.createParameters(Parameters.java:700)
at org.testng.internal.Parameters.createConfigurationParameters(Parameters.java:168)
at org.testng.internal.ConfigInvoker.invokeConfigurations(ConfigInvoker.java:302)
at org.testng.SuiteRunner.privateRun(SuiteRunner.java:317)
at org.testng.SuiteRunner.run(SuiteRunner.java:276)
at org.testng.SuiteRunnerWorker.runSuite(SuiteRunnerWorker.java:53)
at org.testng.SuiteRunnerWorker.run(SuiteRunnerWorker.java:96)
at org.testng.TestNG.runSuitesSequentially(TestNG.java:1212)
at org.testng.TestNG.runSuitesLocally(TestNG.java:1134)
at org.testng.TestNG.runSuites(TestNG.java:1063)
at org.testng.TestNG.run(TestNG.java:1031)
at org.testng.remote.AbstractRemoteTestNG.run(AbstractRemoteTestNG.java:115)
at org.testng.remote.RemoteTestNG.initAndRun(RemoteTestNG.java:251)
at org.testng.remote.RemoteTestNG.main(RemoteTestNG.java:77)
]]>
    </failure>
  </testcase> <!-- @BeforeSuite createFiles -->
  <testcase classname="com.trello.android.baseutil.BaseTest" name="@BeforeClass launchApp" time="-1.63652961365E9">
    <skipped/>
  </testcase> <!-- @BeforeClass launchApp -->
  <testcase classname="com.trello.android.testscripts.Trello_001" name="tc_Trello_001" time="0.0">
    <skipped/>
  </testcase> <!-- tc_Trello_001 -->
</testsuite> <!-- Default test -->
