<?xml version="1.0" encoding="UTF-8"?>
<!-- Generated by org.testng.reporters.JUnitXMLReporter -->
<testsuite ignored="18" hostname="DESKTOP-E80DE1T" failures="0" tests="10" name="trello" time="1875.752" errors="0" timestamp="2021-11-10T17:27:17 IST">
  <testcase classname="com.trello.android.testscripts.Trello_001" name="tc_Trello_001" time="156.833"/>
  <testcase classname="com.trello.android.testscripts.Trello_002" name="tc_Trello_002" time="159.77"/>
  <testcase classname="com.trello.android.testscripts.Trello_003" name="tc_Trello_003" time="192.652"/>
  <testcase classname="com.trello.android.testscripts.Trello_004" name="tc_Trello_004" time="179.908"/>
  <testcase classname="com.trello.android.testscripts.Trello_005" name="tc_Trello_005" time="147.384"/>
  <testcase classname="com.trello.android.testscripts.Trello_006" name="tc_Trello_006" time="172.001"/>
  <testcase classname="com.trello.android.testscripts.Trello_007" name="tc_Trello_007" time="164.553"/>
  <testcase classname="com.trello.android.testscripts.Trello_008" name="tc_Trello_008" time="132.863"/>
  <testcase classname="com.trello.android.testscripts.Trello_009" name="tc_Trello_009" time="130.123"/>
  <testcase classname="com.trello.android.testscripts.Trello_010" name="tc_Trello_010" time="135.667"/>
  <testcase classname="com.trello.android.baseutil.BaseTest" name="@AfterSuite killTask" time="0.0">
    <ignored/>
  </testcase> <!-- @AfterSuite killTask -->
  <testcase classname="com.trello.android.baseutil.BaseTest" name="@AfterSuite killTask" time="0.0">
    <ignored/>
  </testcase> <!-- @AfterSuite killTask -->
  <testcase classname="com.trello.android.baseutil.BaseTest" name="@AfterSuite killTask" time="0.0">
    <ignored/>
  </testcase> <!-- @AfterSuite killTask -->
  <testcase classname="com.trello.android.baseutil.BaseTest" name="@AfterSuite killTask" time="0.0">
    <ignored/>
  </testcase> <!-- @AfterSuite killTask -->
  <testcase classname="com.trello.android.baseutil.BaseTest" name="@AfterSuite killTask" time="0.0">
    <ignored/>
  </testcase> <!-- @AfterSuite killTask -->
  <testcase classname="com.trello.android.baseutil.BaseTest" name="@AfterSuite killTask" time="0.0">
    <ignored/>
  </testcase> <!-- @AfterSuite killTask -->
  <testcase classname="com.trello.android.baseutil.BaseTest" name="@AfterSuite killTask" time="0.0">
    <ignored/>
  </testcase> <!-- @AfterSuite killTask -->
  <testcase classname="com.trello.android.baseutil.BaseTest" name="@AfterSuite killTask" time="0.0">
    <ignored/>
  </testcase> <!-- @AfterSuite killTask -->
  <testcase classname="com.trello.android.baseutil.BaseTest" name="@AfterSuite killTask" time="0.0">
    <ignored/>
  </testcase> <!-- @AfterSuite killTask -->
  <testcase classname="com.trello.android.baseutil.BaseTest" name="@BeforeSuite createFiles" time="0.0">
    <ignored/>
  </testcase> <!-- @BeforeSuite createFiles -->
  <testcase classname="com.trello.android.baseutil.BaseTest" name="@BeforeSuite createFiles" time="0.0">
    <ignored/>
  </testcase> <!-- @BeforeSuite createFiles -->
  <testcase classname="com.trello.android.baseutil.BaseTest" name="@BeforeSuite createFiles" time="0.0">
    <ignored/>
  </testcase> <!-- @BeforeSuite createFiles -->
  <testcase classname="com.trello.android.baseutil.BaseTest" name="@BeforeSuite createFiles" time="0.0">
    <ignored/>
  </testcase> <!-- @BeforeSuite createFiles -->
  <testcase classname="com.trello.android.baseutil.BaseTest" name="@BeforeSuite createFiles" time="0.0">
    <ignored/>
  </testcase> <!-- @BeforeSuite createFiles -->
  <testcase classname="com.trello.android.baseutil.BaseTest" name="@BeforeSuite createFiles" time="0.0">
    <ignored/>
  </testcase> <!-- @BeforeSuite createFiles -->
  <testcase classname="com.trello.android.baseutil.BaseTest" name="@BeforeSuite createFiles" time="0.0">
    <ignored/>
  </testcase> <!-- @BeforeSuite createFiles -->
  <testcase classname="com.trello.android.baseutil.BaseTest" name="@BeforeSuite createFiles" time="0.0">
    <ignored/>
  </testcase> <!-- @BeforeSuite createFiles -->
  <testcase classname="com.trello.android.baseutil.BaseTest" name="@BeforeSuite createFiles" time="0.0">
    <ignored/>
  </testcase> <!-- @BeforeSuite createFiles -->
</testsuite> <!-- trello -->
